{"D:\\practices\\interview\\shipfix\\invest-app\\backend\\src\\modules\\auth\\auth.controller.js": {"path":"D:\\practices\\interview\\shipfix\\invest-app\\backend\\src\\modules\\auth\\auth.controller.js","statementMap":{"0":{"start":{"line":1,"column":21},"end":{"line":1,"column":53}},"1":{"start":{"line":2,"column":20},"end":{"line":2,"column":45}},"2":{"start":{"line":3,"column":66},"end":{"line":3,"column":94}},"3":{"start":{"line":6,"column":11},"end":{"line":13,"column":4}},"4":{"start":{"line":7,"column":26},"end":{"line":7,"column":50}},"5":{"start":{"line":8,"column":17},"end":{"line":8,"column":56}},"6":{"start":{"line":9,"column":4},"end":{"line":12,"column":7}},"7":{"start":{"line":15,"column":10},"end":{"line":23,"column":4}},"8":{"start":{"line":16,"column":26},"end":{"line":16,"column":49}},"9":{"start":{"line":17,"column":28},"end":{"line":17,"column":66}},"10":{"start":{"line":18,"column":4},"end":{"line":22,"column":7}},"11":{"start":{"line":25,"column":19},"end":{"line":29,"column":4}},"12":{"start":{"line":26,"column":26},"end":{"line":26,"column":58}},"13":{"start":{"line":27,"column":4},"end":{"line":27,"column":65}},"14":{"start":{"line":28,"column":4},"end":{"line":28,"column":59}},"15":{"start":{"line":32,"column":0},"end":{"line":32,"column":38}}},"fnMap":{"0":{"name":"(anonymous_0)","decl":{"start":{"line":6,"column":24},"end":{"line":6,"column":25}},"loc":{"start":{"line":6,"column":44},"end":{"line":13,"column":3}},"line":6},"1":{"name":"(anonymous_1)","decl":{"start":{"line":15,"column":23},"end":{"line":15,"column":24}},"loc":{"start":{"line":15,"column":43},"end":{"line":23,"column":3}},"line":15},"2":{"name":"(anonymous_2)","decl":{"start":{"line":25,"column":32},"end":{"line":25,"column":33}},"loc":{"start":{"line":25,"column":52},"end":{"line":29,"column":3}},"line":25}},"branchMap":{},"s":{"0":1,"1":1,"2":1,"3":1,"4":2,"5":1,"6":1,"7":1,"8":2,"9":1,"10":1,"11":1,"12":2,"13":1,"14":1,"15":1},"f":{"0":2,"1":2,"2":2},"b":{},"_coverageSchema":"1a1c01bbd47fc00a2c39e90264f33305004495a9","hash":"07c6c1116988a5208bc966fb3535c8b2178a56b4"}
,"D:\\practices\\interview\\shipfix\\invest-app\\backend\\src\\modules\\auth\\auth.service.js": {"path":"D:\\practices\\interview\\shipfix\\invest-app\\backend\\src\\modules\\auth\\auth.service.js","statementMap":{"0":{"start":{"line":1,"column":12},"end":{"line":1,"column":35}},"1":{"start":{"line":2,"column":13},"end":{"line":2,"column":36}},"2":{"start":{"line":3,"column":47},"end":{"line":3,"column":76}},"3":{"start":{"line":4,"column":22},"end":{"line":4,"column":53}},"4":{"start":{"line":8,"column":4},"end":{"line":10,"column":7}},"5":{"start":{"line":14,"column":4},"end":{"line":46,"column":7}},"6":{"start":{"line":15,"column":40},"end":{"line":15,"column":48}},"7":{"start":{"line":17,"column":25},"end":{"line":20,"column":15}},"8":{"start":{"line":22,"column":6},"end":{"line":24,"column":7}},"9":{"start":{"line":23,"column":8},"end":{"line":23,"column":57}},"10":{"start":{"line":26,"column":22},"end":{"line":35,"column":7}},"11":{"start":{"line":37,"column":20},"end":{"line":37,"column":51}},"12":{"start":{"line":38,"column":27},"end":{"line":43,"column":7}},"13":{"start":{"line":45,"column":6},"end":{"line":45,"column":26}},"14":{"start":{"line":50,"column":17},"end":{"line":50,"column":65}},"15":{"start":{"line":52,"column":4},"end":{"line":54,"column":5}},"16":{"start":{"line":53,"column":6},"end":{"line":53,"column":63}},"17":{"start":{"line":56,"column":18},"end":{"line":56,"column":46}},"18":{"start":{"line":57,"column":25},"end":{"line":64,"column":5}},"19":{"start":{"line":65,"column":4},"end":{"line":65,"column":24}},"20":{"start":{"line":69,"column":4},"end":{"line":94,"column":7}},"21":{"start":{"line":70,"column":43},"end":{"line":70,"column":51}},"22":{"start":{"line":71,"column":25},"end":{"line":75,"column":15}},"23":{"start":{"line":77,"column":6},"end":{"line":79,"column":7}},"24":{"start":{"line":78,"column":8},"end":{"line":78,"column":58}},"25":{"start":{"line":81,"column":6},"end":{"line":83,"column":7}},"26":{"start":{"line":82,"column":8},"end":{"line":82,"column":62}},"27":{"start":{"line":85,"column":6},"end":{"line":92,"column":8}},"28":{"start":{"line":93,"column":6},"end":{"line":93,"column":18}},"29":{"start":{"line":98,"column":0},"end":{"line":98,"column":35}}},"fnMap":{"0":{"name":"(anonymous_0)","decl":{"start":{"line":7,"column":2},"end":{"line":7,"column":3}},"loc":{"start":{"line":7,"column":24},"end":{"line":11,"column":3}},"line":7},"1":{"name":"(anonymous_1)","decl":{"start":{"line":13,"column":2},"end":{"line":13,"column":3}},"loc":{"start":{"line":13,"column":25},"end":{"line":47,"column":3}},"line":13},"2":{"name":"(anonymous_2)","decl":{"start":{"line":14,"column":41},"end":{"line":14,"column":42}},"loc":{"start":{"line":14,"column":60},"end":{"line":46,"column":5}},"line":14},"3":{"name":"(anonymous_3)","decl":{"start":{"line":49,"column":2},"end":{"line":49,"column":3}},"loc":{"start":{"line":49,"column":35},"end":{"line":66,"column":3}},"line":49},"4":{"name":"(anonymous_4)","decl":{"start":{"line":68,"column":2},"end":{"line":68,"column":3}},"loc":{"start":{"line":68,"column":41},"end":{"line":95,"column":3}},"line":68},"5":{"name":"(anonymous_5)","decl":{"start":{"line":69,"column":41},"end":{"line":69,"column":42}},"loc":{"start":{"line":69,"column":60},"end":{"line":94,"column":5}},"line":69}},"branchMap":{"0":{"loc":{"start":{"line":22,"column":6},"end":{"line":24,"column":7}},"type":"if","locations":[{"start":{"line":22,"column":6},"end":{"line":24,"column":7}},{"start":{},"end":{}}],"line":22},"1":{"loc":{"start":{"line":52,"column":4},"end":{"line":54,"column":5}},"type":"if","locations":[{"start":{"line":52,"column":4},"end":{"line":54,"column":5}},{"start":{},"end":{}}],"line":52},"2":{"loc":{"start":{"line":52,"column":8},"end":{"line":52,"column":80}},"type":"binary-expr","locations":[{"start":{"line":52,"column":8},"end":{"line":52,"column":13}},{"start":{"line":52,"column":17},"end":{"line":52,"column":80}}],"line":52},"3":{"loc":{"start":{"line":77,"column":6},"end":{"line":79,"column":7}},"type":"if","locations":[{"start":{"line":77,"column":6},"end":{"line":79,"column":7}},{"start":{},"end":{}}],"line":77},"4":{"loc":{"start":{"line":81,"column":6},"end":{"line":83,"column":7}},"type":"if","locations":[{"start":{"line":81,"column":6},"end":{"line":83,"column":7}},{"start":{},"end":{}}],"line":81},"5":{"loc":{"start":{"line":81,"column":10},"end":{"line":81,"column":97}},"type":"binary-expr","locations":[{"start":{"line":81,"column":10},"end":{"line":81,"column":21}},{"start":{"line":81,"column":25},"end":{"line":81,"column":97}}],"line":81}},"s":{"0":1,"1":1,"2":1,"3":1,"4":3,"5":2,"6":2,"7":2,"8":2,"9":1,"10":1,"11":1,"12":1,"13":1,"14":2,"15":2,"16":1,"17":1,"18":1,"19":1,"20":3,"21":3,"22":3,"23":3,"24":1,"25":2,"26":1,"27":1,"28":1,"29":1},"f":{"0":3,"1":2,"2":2,"3":2,"4":3,"5":3},"b":{"0":[1,1],"1":[1,1],"2":[2,2],"3":[1,2],"4":[1,1],"5":[2,2]},"_coverageSchema":"1a1c01bbd47fc00a2c39e90264f33305004495a9","hash":"656c2abdbb476e2d6ba0dc725cbce980a3c6044f"}
,"D:\\practices\\interview\\shipfix\\invest-app\\backend\\src\\modules\\crypto\\crypto.controller.js": {"path":"D:\\practices\\interview\\shipfix\\invest-app\\backend\\src\\modules\\crypto\\crypto.controller.js","statementMap":{"0":{"start":{"line":1,"column":21},"end":{"line":1,"column":53}},"1":{"start":{"line":2,"column":22},"end":{"line":2,"column":49}},"2":{"start":{"line":3,"column":82},"end":{"line":3,"column":112}},"3":{"start":{"line":6,"column":18},"end":{"line":11,"column":4}},"4":{"start":{"line":7,"column":23},"end":{"line":7,"column":33}},"5":{"start":{"line":8,"column":26},"end":{"line":8,"column":59}},"6":{"start":{"line":9,"column":17},"end":{"line":9,"column":58}},"7":{"start":{"line":10,"column":4},"end":{"line":10,"column":19}},"8":{"start":{"line":13,"column":22},"end":{"line":19,"column":4}},"9":{"start":{"line":14,"column":23},"end":{"line":14,"column":33}},"10":{"start":{"line":15,"column":22},"end":{"line":15,"column":31}},"11":{"start":{"line":16,"column":26},"end":{"line":16,"column":70}},"12":{"start":{"line":17,"column":17},"end":{"line":17,"column":69}},"13":{"start":{"line":18,"column":4},"end":{"line":18,"column":19}},"14":{"start":{"line":21,"column":16},"end":{"line":26,"column":4}},"15":{"start":{"line":22,"column":22},"end":{"line":22,"column":31}},"16":{"start":{"line":23,"column":26},"end":{"line":23,"column":56}},"17":{"start":{"line":24,"column":17},"end":{"line":24,"column":55}},"18":{"start":{"line":25,"column":4},"end":{"line":25,"column":19}},"19":{"start":{"line":29,"column":0},"end":{"line":29,"column":40}}},"fnMap":{"0":{"name":"(anonymous_0)","decl":{"start":{"line":6,"column":31},"end":{"line":6,"column":32}},"loc":{"start":{"line":6,"column":51},"end":{"line":11,"column":3}},"line":6},"1":{"name":"(anonymous_1)","decl":{"start":{"line":13,"column":35},"end":{"line":13,"column":36}},"loc":{"start":{"line":13,"column":55},"end":{"line":19,"column":3}},"line":13},"2":{"name":"(anonymous_2)","decl":{"start":{"line":21,"column":29},"end":{"line":21,"column":30}},"loc":{"start":{"line":21,"column":49},"end":{"line":26,"column":3}},"line":21}},"branchMap":{},"s":{"0":1,"1":1,"2":1,"3":1,"4":2,"5":2,"6":1,"7":1,"8":1,"9":2,"10":2,"11":2,"12":1,"13":1,"14":1,"15":2,"16":2,"17":1,"18":1,"19":1},"f":{"0":2,"1":2,"2":2},"b":{},"_coverageSchema":"1a1c01bbd47fc00a2c39e90264f33305004495a9","hash":"69411d08ada95b0e9489a1e9d1fb15e5ce7597ba"}
,"D:\\practices\\interview\\shipfix\\invest-app\\backend\\src\\modules\\crypto\\crypto.service.js": {"path":"D:\\practices\\interview\\shipfix\\invest-app\\backend\\src\\modules\\crypto\\crypto.service.js","statementMap":{"0":{"start":{"line":1,"column":14},"end":{"line":1,"column":30}},"1":{"start":{"line":2,"column":28},"end":{"line":2,"column":57}},"2":{"start":{"line":4,"column":0},"end":{"line":4,"column":62}},"3":{"start":{"line":8,"column":4},"end":{"line":8,"column":53}},"4":{"start":{"line":12,"column":21},"end":{"line":20,"column":6}},"5":{"start":{"line":21,"column":4},"end":{"line":23,"column":5}},"6":{"start":{"line":22,"column":6},"end":{"line":22,"column":85}},"7":{"start":{"line":24,"column":4},"end":{"line":24,"column":25}},"8":{"start":{"line":28,"column":4},"end":{"line":47,"column":5}},"9":{"start":{"line":29,"column":23},"end":{"line":38,"column":8}},"10":{"start":{"line":40,"column":6},"end":{"line":42,"column":7}},"11":{"start":{"line":41,"column":8},"end":{"line":41,"column":98}},"12":{"start":{"line":44,"column":6},"end":{"line":44,"column":32}},"13":{"start":{"line":46,"column":6},"end":{"line":46,"column":99}},"14":{"start":{"line":51,"column":4},"end":{"line":69,"column":5}},"15":{"start":{"line":52,"column":23},"end":{"line":60,"column":8}},"16":{"start":{"line":62,"column":6},"end":{"line":64,"column":7}},"17":{"start":{"line":63,"column":8},"end":{"line":63,"column":61}},"18":{"start":{"line":66,"column":6},"end":{"line":66,"column":34}},"19":{"start":{"line":68,"column":6},"end":{"line":68,"column":89}},"20":{"start":{"line":73,"column":0},"end":{"line":73,"column":37}}},"fnMap":{"0":{"name":"(anonymous_0)","decl":{"start":{"line":7,"column":2},"end":{"line":7,"column":3}},"loc":{"start":{"line":7,"column":16},"end":{"line":9,"column":3}},"line":7},"1":{"name":"(anonymous_1)","decl":{"start":{"line":11,"column":2},"end":{"line":11,"column":3}},"loc":{"start":{"line":11,"column":30},"end":{"line":25,"column":3}},"line":11},"2":{"name":"(anonymous_2)","decl":{"start":{"line":27,"column":2},"end":{"line":27,"column":3}},"loc":{"start":{"line":27,"column":41},"end":{"line":48,"column":3}},"line":27},"3":{"name":"(anonymous_3)","decl":{"start":{"line":50,"column":2},"end":{"line":50,"column":3}},"loc":{"start":{"line":50,"column":27},"end":{"line":70,"column":3}},"line":50}},"branchMap":{"0":{"loc":{"start":{"line":21,"column":4},"end":{"line":23,"column":5}},"type":"if","locations":[{"start":{"line":21,"column":4},"end":{"line":23,"column":5}},{"start":{},"end":{}}],"line":21},"1":{"loc":{"start":{"line":33,"column":17},"end":{"line":33,"column":29}},"type":"binary-expr","locations":[{"start":{"line":33,"column":17},"end":{"line":33,"column":22}},{"start":{"line":33,"column":26},"end":{"line":33,"column":29}}],"line":33},"2":{"loc":{"start":{"line":40,"column":6},"end":{"line":42,"column":7}},"type":"if","locations":[{"start":{"line":40,"column":6},"end":{"line":42,"column":7}},{"start":{},"end":{}}],"line":40},"3":{"loc":{"start":{"line":40,"column":10},"end":{"line":40,"column":50}},"type":"binary-expr","locations":[{"start":{"line":40,"column":10},"end":{"line":40,"column":25}},{"start":{"line":40,"column":29},"end":{"line":40,"column":50}}],"line":40},"4":{"loc":{"start":{"line":54,"column":17},"end":{"line":54,"column":28}},"type":"binary-expr","locations":[{"start":{"line":54,"column":17},"end":{"line":54,"column":22}},{"start":{"line":54,"column":26},"end":{"line":54,"column":28}}],"line":54},"5":{"loc":{"start":{"line":62,"column":6},"end":{"line":64,"column":7}},"type":"if","locations":[{"start":{"line":62,"column":6},"end":{"line":64,"column":7}},{"start":{},"end":{}}],"line":62},"6":{"loc":{"start":{"line":62,"column":10},"end":{"line":62,"column":48}},"type":"binary-expr","locations":[{"start":{"line":62,"column":10},"end":{"line":62,"column":25}},{"start":{"line":62,"column":29},"end":{"line":62,"column":48}}],"line":62}},"s":{"0":1,"1":1,"2":1,"3":1,"4":5,"5":3,"6":2,"7":1,"8":5,"9":5,"10":3,"11":2,"12":1,"13":4,"14":5,"15":5,"16":3,"17":2,"18":1,"19":4,"20":1},"f":{"0":1,"1":5,"2":5,"3":5},"b":{"0":[2,1],"1":[5,4],"2":[2,1],"3":[3,3],"4":[5,2],"5":[2,1],"6":[3,3]},"_coverageSchema":"1a1c01bbd47fc00a2c39e90264f33305004495a9","hash":"ed53ffa9761595fbda96e070f8096925f0377a5e"}
,"D:\\practices\\interview\\shipfix\\invest-app\\backend\\src\\modules\\portfolio\\portfolio.controller.js": {"path":"D:\\practices\\interview\\shipfix\\invest-app\\backend\\src\\modules\\portfolio\\portfolio.controller.js","statementMap":{"0":{"start":{"line":1,"column":21},"end":{"line":1,"column":53}},"1":{"start":{"line":2,"column":25},"end":{"line":2,"column":55}},"2":{"start":{"line":3,"column":71},"end":{"line":3,"column":104}},"3":{"start":{"line":6,"column":28},"end":{"line":11,"column":4}},"4":{"start":{"line":7,"column":30},"end":{"line":7,"column":40}},"5":{"start":{"line":8,"column":26},"end":{"line":8,"column":76}},"6":{"start":{"line":9,"column":22},"end":{"line":9,"column":96}},"7":{"start":{"line":10,"column":4},"end":{"line":10,"column":36}},"8":{"start":{"line":13,"column":22},"end":{"line":19,"column":4}},"9":{"start":{"line":14,"column":30},"end":{"line":14,"column":40}},"10":{"start":{"line":15,"column":57},"end":{"line":15,"column":66}},"11":{"start":{"line":16,"column":26},"end":{"line":16,"column":112}},"12":{"start":{"line":17,"column":27},"end":{"line":17,"column":82}},"13":{"start":{"line":18,"column":4},"end":{"line":18,"column":41}},"14":{"start":{"line":22,"column":0},"end":{"line":22,"column":43}}},"fnMap":{"0":{"name":"(anonymous_0)","decl":{"start":{"line":6,"column":41},"end":{"line":6,"column":42}},"loc":{"start":{"line":6,"column":61},"end":{"line":11,"column":3}},"line":6},"1":{"name":"(anonymous_1)","decl":{"start":{"line":13,"column":35},"end":{"line":13,"column":36}},"loc":{"start":{"line":13,"column":55},"end":{"line":19,"column":3}},"line":13}},"branchMap":{},"s":{"0":1,"1":1,"2":1,"3":1,"4":2,"5":2,"6":1,"7":1,"8":1,"9":2,"10":2,"11":2,"12":1,"13":1,"14":1},"f":{"0":2,"1":2},"b":{},"_coverageSchema":"1a1c01bbd47fc00a2c39e90264f33305004495a9","hash":"6308fe51369f56e36dd717df354ed19cd331da43"}
,"D:\\practices\\interview\\shipfix\\invest-app\\backend\\src\\modules\\portfolio\\portfolio.service.js": {"path":"D:\\practices\\interview\\shipfix\\invest-app\\backend\\src\\modules\\portfolio\\portfolio.service.js","statementMap":{"0":{"start":{"line":1,"column":29},"end":{"line":1,"column":47}},"1":{"start":{"line":2,"column":32},"end":{"line":2,"column":61}},"2":{"start":{"line":3,"column":18},"end":{"line":3,"column":46}},"3":{"start":{"line":4,"column":15},"end":{"line":4,"column":44}},"4":{"start":{"line":8,"column":4},"end":{"line":8,"column":29}},"5":{"start":{"line":12,"column":4},"end":{"line":18,"column":5}},"6":{"start":{"line":13,"column":6},"end":{"line":15,"column":9}},"7":{"start":{"line":17,"column":6},"end":{"line":17,"column":68}},"8":{"start":{"line":22,"column":25},"end":{"line":36,"column":5}},"9":{"start":{"line":24,"column":8},"end":{"line":34,"column":9}},"10":{"start":{"line":25,"column":23},"end":{"line":30,"column":12}},"11":{"start":{"line":31,"column":10},"end":{"line":31,"column":78}},"12":{"start":{"line":31,"column":52},"end":{"line":31,"column":75}},"13":{"start":{"line":33,"column":10},"end":{"line":33,"column":20}},"14":{"start":{"line":38,"column":4},"end":{"line":38,"column":31}},"15":{"start":{"line":42,"column":29},"end":{"line":42,"column":80}},"16":{"start":{"line":44,"column":26},"end":{"line":52,"column":7}},"17":{"start":{"line":44,"column":57},"end":{"line":52,"column":5}},"18":{"start":{"line":54,"column":22},"end":{"line":58,"column":5}},"19":{"start":{"line":60,"column":4},"end":{"line":60,"column":21}},"20":{"start":{"line":70,"column":17},"end":{"line":70,"column":29}},"21":{"start":{"line":72,"column":30},"end":{"line":72,"column":32}},"22":{"start":{"line":74,"column":4},"end":{"line":76,"column":5}},"23":{"start":{"line":75,"column":6},"end":{"line":75,"column":88}},"24":{"start":{"line":78,"column":4},"end":{"line":80,"column":5}},"25":{"start":{"line":79,"column":6},"end":{"line":79,"column":90}},"26":{"start":{"line":82,"column":33},"end":{"line":90,"column":5}},"27":{"start":{"line":92,"column":19},"end":{"line":113,"column":6}},"28":{"start":{"line":116,"column":4},"end":{"line":118,"column":5}},"29":{"start":{"line":117,"column":6},"end":{"line":117,"column":16}},"30":{"start":{"line":120,"column":60},"end":{"line":120,"column":69}},"31":{"start":{"line":122,"column":4},"end":{"line":128,"column":6}},"32":{"start":{"line":132,"column":0},"end":{"line":132,"column":40}}},"fnMap":{"0":{"name":"(anonymous_0)","decl":{"start":{"line":7,"column":2},"end":{"line":7,"column":3}},"loc":{"start":{"line":7,"column":16},"end":{"line":9,"column":3}},"line":7},"1":{"name":"(anonymous_1)","decl":{"start":{"line":11,"column":2},"end":{"line":11,"column":3}},"loc":{"start":{"line":11,"column":28},"end":{"line":19,"column":3}},"line":11},"2":{"name":"(anonymous_2)","decl":{"start":{"line":21,"column":2},"end":{"line":21,"column":3}},"loc":{"start":{"line":21,"column":49},"end":{"line":39,"column":3}},"line":21},"3":{"name":"(anonymous_3)","decl":{"start":{"line":23,"column":33},"end":{"line":23,"column":34}},"loc":{"start":{"line":23,"column":69},"end":{"line":35,"column":7}},"line":23},"4":{"name":"(anonymous_4)","decl":{"start":{"line":31,"column":42},"end":{"line":31,"column":43}},"loc":{"start":{"line":31,"column":52},"end":{"line":31,"column":75}},"line":31},"5":{"name":"(anonymous_5)","decl":{"start":{"line":41,"column":2},"end":{"line":41,"column":3}},"loc":{"start":{"line":41,"column":55},"end":{"line":61,"column":3}},"line":41},"6":{"name":"(anonymous_6)","decl":{"start":{"line":44,"column":47},"end":{"line":44,"column":48}},"loc":{"start":{"line":44,"column":57},"end":{"line":52,"column":5}},"line":44},"7":{"name":"(anonymous_7)","decl":{"start":{"line":63,"column":2},"end":{"line":63,"column":3}},"loc":{"start":{"line":69,"column":5},"end":{"line":129,"column":3}},"line":69}},"branchMap":{"0":{"loc":{"start":{"line":31,"column":18},"end":{"line":31,"column":36}},"type":"binary-expr","locations":[{"start":{"line":31,"column":18},"end":{"line":31,"column":30}},{"start":{"line":31,"column":34},"end":{"line":31,"column":36}}],"line":31},"1":{"loc":{"start":{"line":51,"column":14},"end":{"line":51,"column":36}},"type":"binary-expr","locations":[{"start":{"line":51,"column":14},"end":{"line":51,"column":30}},{"start":{"line":51,"column":34},"end":{"line":51,"column":36}}],"line":51},"2":{"loc":{"start":{"line":65,"column":4},"end":{"line":65,"column":12}},"type":"default-arg","locations":[{"start":{"line":65,"column":11},"end":{"line":65,"column":12}}],"line":65},"3":{"loc":{"start":{"line":66,"column":4},"end":{"line":66,"column":13}},"type":"default-arg","locations":[{"start":{"line":66,"column":12},"end":{"line":66,"column":13}}],"line":66},"4":{"loc":{"start":{"line":67,"column":4},"end":{"line":67,"column":25}},"type":"default-arg","locations":[{"start":{"line":67,"column":20},"end":{"line":67,"column":25}}],"line":67},"5":{"loc":{"start":{"line":68,"column":4},"end":{"line":68,"column":24}},"type":"default-arg","locations":[{"start":{"line":68,"column":19},"end":{"line":68,"column":24}}],"line":68},"6":{"loc":{"start":{"line":74,"column":4},"end":{"line":76,"column":5}},"type":"if","locations":[{"start":{"line":74,"column":4},"end":{"line":76,"column":5}},{"start":{},"end":{}}],"line":74},"7":{"loc":{"start":{"line":78,"column":4},"end":{"line":80,"column":5}},"type":"if","locations":[{"start":{"line":78,"column":4},"end":{"line":80,"column":5}},{"start":{},"end":{}}],"line":78},"8":{"loc":{"start":{"line":116,"column":4},"end":{"line":118,"column":5}},"type":"if","locations":[{"start":{"line":116,"column":4},"end":{"line":118,"column":5}},{"start":{},"end":{}}],"line":116}},"s":{"0":1,"1":1,"2":1,"3":1,"4":1,"5":3,"6":3,"7":1,"8":3,"9":15,"10":15,"11":9,"12":9,"13":6,"14":3,"15":1,"16":1,"17":1,"18":1,"19":1,"20":3,"21":3,"22":3,"23":1,"24":3,"25":1,"26":3,"27":3,"28":3,"29":1,"30":2,"31":2,"32":1},"f":{"0":1,"1":3,"2":3,"3":15,"4":9,"5":1,"6":1,"7":3},"b":{"0":[9,0],"1":[1,0],"2":[3],"3":[3],"4":[2],"5":[2],"6":[1,2],"7":[1,2],"8":[1,2]},"_coverageSchema":"1a1c01bbd47fc00a2c39e90264f33305004495a9","hash":"37a2a262116110ca4cad3dcffa289fdc46078a13"}
}
