TN:
SF:src\modules\auth\auth.controller.js
FN:6,(anonymous_0)
FN:15,(anonymous_1)
FN:25,(anonymous_2)
FNF:3
FNH:3
FNDA:2,(anonymous_0)
FNDA:2,(anonymous_1)
FNDA:2,(anonymous_2)
DA:1,1
DA:2,1
DA:3,1
DA:6,1
DA:7,2
DA:8,1
DA:9,1
DA:15,1
DA:16,2
DA:17,1
DA:18,1
DA:25,1
DA:26,2
DA:27,1
DA:28,1
DA:32,1
LF:16
LH:16
BRF:0
BRH:0
end_of_record
TN:
SF:src\modules\auth\auth.service.js
FN:7,(anonymous_0)
FN:13,(anonymous_1)
FN:14,(anonymous_2)
FN:49,(anonymous_3)
FN:68,(anonymous_4)
FN:69,(anonymous_5)
FNF:6
FNH:6
FNDA:3,(anonymous_0)
FNDA:2,(anonymous_1)
FNDA:2,(anonymous_2)
FNDA:2,(anonymous_3)
FNDA:3,(anonymous_4)
FNDA:3,(anonymous_5)
DA:1,1
DA:2,1
DA:3,1
DA:4,1
DA:8,3
DA:14,2
DA:15,2
DA:17,2
DA:22,2
DA:23,1
DA:26,1
DA:37,1
DA:38,1
DA:45,1
DA:50,2
DA:52,2
DA:53,1
DA:56,1
DA:57,1
DA:65,1
DA:69,3
DA:70,3
DA:71,3
DA:77,3
DA:78,1
DA:81,2
DA:82,1
DA:85,1
DA:93,1
DA:98,1
LF:30
LH:30
BRDA:22,0,0,1
BRDA:22,0,1,1
BRDA:52,1,0,1
BRDA:52,1,1,1
BRDA:52,2,0,2
BRDA:52,2,1,2
BRDA:77,3,0,1
BRDA:77,3,1,2
BRDA:81,4,0,1
BRDA:81,4,1,1
BRDA:81,5,0,2
BRDA:81,5,1,2
BRF:12
BRH:12
end_of_record
TN:
SF:src\modules\crypto\crypto.controller.js
FN:6,(anonymous_0)
FN:13,(anonymous_1)
FN:21,(anonymous_2)
FNF:3
FNH:3
FNDA:2,(anonymous_0)
FNDA:2,(anonymous_1)
FNDA:2,(anonymous_2)
DA:1,1
DA:2,1
DA:3,1
DA:6,1
DA:7,2
DA:8,2
DA:9,1
DA:10,1
DA:13,1
DA:14,2
DA:15,2
DA:16,2
DA:17,1
DA:18,1
DA:21,1
DA:22,2
DA:23,2
DA:24,1
DA:25,1
DA:29,1
LF:20
LH:20
BRF:0
BRH:0
end_of_record
TN:
SF:src\modules\crypto\crypto.service.js
FN:7,(anonymous_0)
FN:11,(anonymous_1)
FN:27,(anonymous_2)
FN:50,(anonymous_3)
FNF:4
FNH:4
FNDA:1,(anonymous_0)
FNDA:5,(anonymous_1)
FNDA:5,(anonymous_2)
FNDA:5,(anonymous_3)
DA:1,1
DA:2,1
DA:4,1
DA:8,1
DA:12,5
DA:21,3
DA:22,2
DA:24,1
DA:28,5
DA:29,5
DA:40,3
DA:41,2
DA:44,1
DA:46,4
DA:51,5
DA:52,5
DA:62,3
DA:63,2
DA:66,1
DA:68,4
DA:73,1
LF:21
LH:21
BRDA:21,0,0,2
BRDA:21,0,1,1
BRDA:33,1,0,5
BRDA:33,1,1,4
BRDA:40,2,0,2
BRDA:40,2,1,1
BRDA:40,3,0,3
BRDA:40,3,1,3
BRDA:54,4,0,5
BRDA:54,4,1,2
BRDA:62,5,0,2
BRDA:62,5,1,1
BRDA:62,6,0,3
BRDA:62,6,1,3
BRF:14
BRH:14
end_of_record
TN:
SF:src\modules\portfolio\portfolio.controller.js
FN:6,(anonymous_0)
FN:13,(anonymous_1)
FNF:2
FNH:2
FNDA:2,(anonymous_0)
FNDA:2,(anonymous_1)
DA:1,1
DA:2,1
DA:3,1
DA:6,1
DA:7,2
DA:8,2
DA:9,1
DA:10,1
DA:13,1
DA:14,2
DA:15,2
DA:16,2
DA:17,1
DA:18,1
DA:22,1
LF:15
LH:15
BRF:0
BRH:0
end_of_record
TN:
SF:src\modules\portfolio\portfolio.service.js
FN:7,(anonymous_0)
FN:11,(anonymous_1)
FN:21,(anonymous_2)
FN:23,(anonymous_3)
FN:31,(anonymous_4)
FN:41,(anonymous_5)
FN:44,(anonymous_6)
FN:63,(anonymous_7)
FNF:8
FNH:8
FNDA:1,(anonymous_0)
FNDA:3,(anonymous_1)
FNDA:3,(anonymous_2)
FNDA:15,(anonymous_3)
FNDA:9,(anonymous_4)
FNDA:1,(anonymous_5)
FNDA:1,(anonymous_6)
FNDA:3,(anonymous_7)
DA:1,1
DA:2,1
DA:3,1
DA:4,1
DA:8,1
DA:12,3
DA:13,3
DA:17,1
DA:22,3
DA:24,15
DA:25,15
DA:31,9
DA:33,6
DA:38,3
DA:42,1
DA:44,1
DA:54,1
DA:60,1
DA:70,3
DA:72,3
DA:74,3
DA:75,1
DA:78,3
DA:79,1
DA:82,3
DA:92,3
DA:116,3
DA:117,1
DA:120,2
DA:122,2
DA:132,1
LF:31
LH:31
BRDA:31,0,0,9
BRDA:31,0,1,0
BRDA:51,1,0,1
BRDA:51,1,1,0
BRDA:65,2,0,3
BRDA:66,3,0,3
BRDA:67,4,0,2
BRDA:68,5,0,2
BRDA:74,6,0,1
BRDA:74,6,1,2
BRDA:78,7,0,1
BRDA:78,7,1,2
BRDA:116,8,0,1
BRDA:116,8,1,2
BRF:14
BRH:12
end_of_record
